[0601/161158.361:ERROR:process_memory_win.cc(73)] ReadMemory at 0x1773fe46df0 of 72 bytes failed: Запрос ReadProcessMemory или WriteProcessMemory был выполнен только частично. (0x12B)
[0601/161158.362:WARNING:pe_image_annotations_reader.cc(134)] could not read annotations list object in C:\Program Files (x86)\Google\Chrome\Application\83.0.4103.61\chrome_elf.dll
[0601/161158.362:ERROR:process_memory_win.cc(73)] ReadMemory at 0x177404a5a50 of 72 bytes failed: Запрос ReadProcessMemory или WriteProcessMemory был выполнен только частично. (0x12B)
[0601/161158.362:WARNING:pe_image_annotations_reader.cc(134)] could not read annotations list object in C:\Program Files (x86)\Google\Chrome\Application\83.0.4103.61\chrome.dll
[0601/161158.363:ERROR:process_memory_win.cc(73)] ReadMemory at 0x1773fe46df0 of 72 bytes failed: Запрос ReadProcessMemory или WriteProcessMemory был выполнен только частично. (0x12B)
[0601/161158.363:WARNING:pe_image_annotations_reader.cc(134)] could not read annotations list object in C:\Program Files (x86)\Google\Chrome\Application\83.0.4103.61\chrome_elf.dll
[0601/161158.364:ERROR:process_memory_win.cc(73)] ReadMemory at 0x177404a5a50 of 72 bytes failed: Запрос ReadProcessMemory или WriteProcessMemory был выполнен только частично. (0x12B)
[0601/161158.364:WARNING:pe_image_annotations_reader.cc(134)] could not read annotations list object in C:\Program Files (x86)\Google\Chrome\Application\83.0.4103.61\chrome.dll
[0601/161158.374:ERROR:process_memory_win.cc(73)] ReadMemory at 0x31bc5eb000 of 86016 bytes failed: Запрос ReadProcessMemory или WriteProcessMemory был выполнен только частично. (0x12B)
[0601/161158.374:ERROR:process_memory_win.cc(73)] ReadMemory at 0x31bcdfd000 of 12288 bytes failed: Запрос ReadProcessMemory или WriteProcessMemory был выполнен только частично. (0x12B)
[0601/161158.374:ERROR:process_memory_win.cc(73)] ReadMemory at 0x31bd5f5000 of 45056 bytes failed: Запрос ReadProcessMemory или WriteProcessMemory был выполнен только частично. (0x12B)
[0601/161158.374:ERROR:process_memory_win.cc(73)] ReadMemory at 0x31bddfc000 of 16384 bytes failed: Запрос ReadProcessMemory или WriteProcessMemory был выполнен только частично. (0x12B)
[0601/161158.374:ERROR:process_memory_win.cc(73)] ReadMemory at 0x31be5fc000 of 16384 bytes failed: Запрос ReadProcessMemory или WriteProcessMemory был выполнен только частично. (0x12B)
[0601/161158.374:ERROR:process_memory_win.cc(73)] ReadMemory at 0x31bedfe000 of 8192 bytes failed: Запрос ReadProcessMemory или WriteProcessMemory был выполнен только частично. (0x12B)
[0601/161158.374:ERROR:process_memory_win.cc(73)] ReadMemory at 0x31bf5fd000 of 12288 bytes failed: Запрос ReadProcessMemory или WriteProcessMemory был выполнен только частично. (0x12B)
[0601/161158.374:ERROR:process_memory_win.cc(73)] ReadMemory at 0x31bfdfb000 of 20480 bytes failed: Запрос ReadProcessMemory или WriteProcessMemory был выполнен только частично. (0x12B)
[0601/161158.374:ERROR:process_memory_win.cc(73)] ReadMemory at 0x31c05fb000 of 20480 bytes failed: Запрос ReadProcessMemory или WriteProcessMemory был выполнен только частично. (0x12B)
[0601/161158.374:ERROR:process_memory_win.cc(73)] ReadMemory at 0x31c0df6000 of 40960 bytes failed: Запрос ReadProcessMemory или WriteProcessMemory был выполнен только частично. (0x12B)
[0601/161158.375:ERROR:process_memory_win.cc(73)] ReadMemory at 0x31c15f5000 of 45056 bytes failed: Запрос ReadProcessMemory или WriteProcessMemory был выполнен только частично. (0x12B)
[0601/161158.375:ERROR:process_memory_win.cc(73)] ReadMemory at 0x31c1dfd000 of 12288 bytes failed: Запрос ReadProcessMemory или WriteProcessMemory был выполнен только частично. (0x12B)
[0601/161158.375:ERROR:process_memory_win.cc(73)] ReadMemory at 0x31c25fd000 of 12288 bytes failed: Запрос ReadProcessMemory или WriteProcessMemory был выполнен только частично. (0x12B)
[0601/161158.375:ERROR:process_memory_win.cc(73)] ReadMemory at 0x31c2df8000 of 32768 bytes failed: Запрос ReadProcessMemory или WriteProcessMemory был выполнен только частично. (0x12B)
[0601/161158.375:ERROR:process_memory_win.cc(73)] ReadMemory at 0x31c35f5000 of 45056 bytes failed: Запрос ReadProcessMemory или WriteProcessMemory был выполнен только частично. (0x12B)
[0601/161158.375:ERROR:process_memory_win.cc(73)] ReadMemory at 0x31c45fd000 of 12288 bytes failed: Запрос ReadProcessMemory или WriteProcessMemory был выполнен только частично. (0x12B)
[0601/161158.375:ERROR:process_memory_win.cc(73)] ReadMemory at 0x31c4dfc000 of 16384 bytes failed: Запрос ReadProcessMemory или WriteProcessMemory был выполнен только частично. (0x12B)
[0601/161158.375:ERROR:process_memory_win.cc(73)] ReadMemory at 0x31bbd3e000 of 852 bytes failed: Запрос ReadProcessMemory или WriteProcessMemory был выполнен только частично. (0x12B)
[0601/161158.375:ERROR:process_memory_win.cc(73)] ReadMemory at 0x31bbd3f000 of 6024 bytes failed: Запрос ReadProcessMemory или WriteProcessMemory был выполнен только частично. (0x12B)
[0601/161158.375:ERROR:process_memory_win.cc(73)] ReadMemory at 0x31bbd41000 of 6024 bytes failed: Запрос ReadProcessMemory или WriteProcessMemory был выполнен только частично. (0x12B)
[0601/161158.375:ERROR:process_memory_win.cc(73)] ReadMemory at 0x31bbd43000 of 6024 bytes failed: Запрос ReadProcessMemory или WriteProcessMemory был выполнен только частично. (0x12B)
[0601/161158.375:ERROR:process_memory_win.cc(73)] ReadMemory at 0x31bbd45000 of 6024 bytes failed: Запрос ReadProcessMemory или WriteProcessMemory был выполнен только частично. (0x12B)
[0601/161158.375:ERROR:process_memory_win.cc(73)] ReadMemory at 0x31bbd47000 of 6024 bytes failed: Запрос ReadProcessMemory или WriteProcessMemory был выполнен только частично. (0x12B)
[0601/161158.375:ERROR:process_memory_win.cc(73)] ReadMemory at 0x31bbd49000 of 6024 bytes failed: Запрос ReadProcessMemory или WriteProcessMemory был выполнен только частично. (0x12B)
[0601/161158.376:ERROR:process_memory_win.cc(73)] ReadMemory at 0x31bbd4b000 of 6024 bytes failed: Запрос ReadProcessMemory или WriteProcessMemory был выполнен только частично. (0x12B)
[0601/161158.376:ERROR:process_memory_win.cc(73)] ReadMemory at 0x31bbd4d000 of 6024 bytes failed: Запрос ReadProcessMemory или WriteProcessMemory был выполнен только частично. (0x12B)
[0601/161158.376:ERROR:process_memory_win.cc(73)] ReadMemory at 0x31bbd4f000 of 6024 bytes failed: Запрос ReadProcessMemory или WriteProcessMemory был выполнен только частично. (0x12B)
[0601/161158.376:ERROR:process_memory_win.cc(73)] ReadMemory at 0x31bbd51000 of 6024 bytes failed: Запрос ReadProcessMemory или WriteProcessMemory был выполнен только частично. (0x12B)
[0601/161158.376:ERROR:process_memory_win.cc(73)] ReadMemory at 0x31bbd53000 of 6024 bytes failed: Запрос ReadProcessMemory или WriteProcessMemory был выполнен только частично. (0x12B)
[0601/161158.376:ERROR:process_memory_win.cc(73)] ReadMemory at 0x31bbd55000 of 6024 bytes failed: Запрос ReadProcessMemory или WriteProcessMemory был выполнен только частично. (0x12B)
[0601/161158.376:ERROR:process_memory_win.cc(73)] ReadMemory at 0x31bbd57000 of 6024 bytes failed: Запрос ReadProcessMemory или WriteProcessMemory был выполнен только частично. (0x12B)
[0601/161158.376:ERROR:process_memory_win.cc(73)] ReadMemory at 0x31bbd59000 of 6024 bytes failed: Запрос ReadProcessMemory или WriteProcessMemory был выполнен только частично. (0x12B)
[0601/161158.376:ERROR:process_memory_win.cc(73)] ReadMemory at 0x31bbd5b000 of 6024 bytes failed: Запрос ReadProcessMemory или WriteProcessMemory был выполнен только частично. (0x12B)
[0601/161158.376:ERROR:process_memory_win.cc(73)] ReadMemory at 0x31bbd5f000 of 6024 bytes failed: Запрос ReadProcessMemory или WriteProcessMemory был выполнен только частично. (0x12B)
[0601/161158.376:ERROR:process_memory_win.cc(73)] ReadMemory at 0x31bbd61000 of 6024 bytes failed: Запрос ReadProcessMemory или WriteProcessMemory был выполнен только частично. (0x12B)
[0601/161158.376:ERROR:process_memory_win.cc(73)] ReadMemory at 0x5b90054000 of 384 bytes failed: Запрос ReadProcessMemory или WriteProcessMemory был выполнен только частично. (0x12B)
[0601/161158.376:ERROR:process_memory_win.cc(73)] ReadMemory at 0x1773fed0fe0 of 4018 bytes failed: Запрос ReadProcessMemory или WriteProcessMemory был выполнен только частично. (0x12B)
[0601/161158.376:ERROR:process_memory_win.cc(73)] ReadMemory at 0x1773fed1fa0 of 1012 bytes failed: Запрос ReadProcessMemory или WriteProcessMemory был выполнен только частично. (0x12B)
[0601/161158.376:ERROR:process_memory_win.cc(73)] ReadMemory at 0x1773fed25e8 of 118 bytes failed: Запрос ReadProcessMemory или WriteProcessMemory был выполнен только частично. (0x12B)
[0601/161158.376:ERROR:process_memory_win.cc(73)] ReadMemory at 0x1773fed2660 of 1266 bytes failed: Запрос ReadProcessMemory или WriteProcessMemory был выполнен только частично. (0x12B)
[0601/161158.376:ERROR:process_memory_win.cc(73)] ReadMemory at 0x1773fed2b54 of 118 bytes failed: Запрос ReadProcessMemory или WriteProcessMemory был выполнен только частично. (0x12B)
[0601/161158.376:ERROR:process_memory_win.cc(73)] ReadMemory at 0x1773fed2bcc of 100 bytes failed: Запрос ReadProcessMemory или WriteProcessMemory был выполнен только частично. (0x12B)
[0601/161158.377:ERROR:process_memory_win.cc(73)] ReadMemory at 0x1773fed2c40 of 58 bytes failed: Запрос ReadProcessMemory или WriteProcessMemory был выполнен только частично. (0x12B)
[0601/161158.377:ERROR:process_memory_win.cc(73)] ReadMemory at 0x1773fed2d40 of 132 bytes failed: Запрос ReadProcessMemory или WriteProcessMemory был выполнен только частично. (0x12B)
[0601/161158.377:ERROR:process_memory_win.cc(73)] ReadMemory at 0x1773fed2ed0 of 132 bytes failed: Запрос ReadProcessMemory или WriteProcessMemory был выполнен только частично. (0x12B)
[0601/161158.377:ERROR:process_memory_win.cc(73)] ReadMemory at 0x1773fed3090 of 124 bytes failed: Запрос ReadProcessMemory или WriteProcessMemory был выполнен только частично. (0x12B)
[0601/161158.377:ERROR:process_memory_win.cc(73)] ReadMemory at 0x1773fed3470 of 132 bytes failed: Запрос ReadProcessMemory или WriteProcessMemory был выполнен только частично. (0x12B)
[0601/161158.377:ERROR:process_memory_win.cc(73)] ReadMemory at 0x1773fed3600 of 64 bytes failed: Запрос ReadProcessMemory или WriteProcessMemory был выполнен только частично. (0x12B)
[0601/161158.377:ERROR:process_memory_win.cc(73)] ReadMemory at 0x1773fed3650 of 132 bytes failed: Запрос ReadProcessMemory или WriteProcessMemory был выполнен только частично. (0x12B)
[0601/161158.377:ERROR:process_memory_win.cc(73)] ReadMemory at 0x1773fed37c0 of 132 bytes failed: Запрос ReadProcessMemory или WriteProcessMemory был выполнен только частично. (0x12B)
[0601/161158.377:ERROR:process_memory_win.cc(73)] ReadMemory at 0x1773fed3a60 of 132 bytes failed: Запрос ReadProcessMemory или WriteProcessMemory был выполнен только частично. (0x12B)
[0601/161158.377:ERROR:process_memory_win.cc(73)] ReadMemory at 0x1773fed3bf0 of 68 bytes failed: Запрос ReadProcessMemory или WriteProcessMemory был выполнен только частично. (0x12B)
[0601/161158.377:ERROR:process_memory_win.cc(73)] ReadMemory at 0x1773fed4ce0 of 144 bytes failed: Запрос ReadProcessMemory или WriteProcessMemory был выполнен только частично. (0x12B)
[0601/161158.377:ERROR:process_memory_win.cc(73)] ReadMemory at 0x1773fed4dc0 of 132 bytes failed: Запрос ReadProcessMemory или WriteProcessMemory был выполнен только частично. (0x12B)
[0601/161158.377:ERROR:process_memory_win.cc(73)] ReadMemory at 0x1773fed4f50 of 152 bytes failed: Запрос ReadProcessMemory или WriteProcessMemory был выполнен только частично. (0x12B)
[0601/161158.377:ERROR:process_memory_win.cc(73)] ReadMemory at 0x1773fed5e00 of 62 bytes failed: Запрос ReadProcessMemory или WriteProcessMemory был выполнен только частично. (0x12B)
[0601/161158.377:ERROR:process_memory_win.cc(73)] ReadMemory at 0x1773fed6430 of 132 bytes failed: Запрос ReadProcessMemory или WriteProcessMemory был выполнен только частично. (0x12B)
[0601/161158.377:ERROR:process_memory_win.cc(73)] ReadMemory at 0x1773fed6560 of 60 bytes failed: Запрос ReadProcessMemory или WriteProcessMemory был выполнен только частично. (0x12B)
[0601/161158.377:ERROR:process_memory_win.cc(73)] ReadMemory at 0x1773fed672a of 512 bytes failed: Запрос ReadProcessMemory или WriteProcessMemory был выполнен только частично. (0x12B)
[0601/161158.377:ERROR:process_memory_win.cc(73)] ReadMemory at 0x1773feda4e0 of 132 bytes failed: Запрос ReadProcessMemory или WriteProcessMemory был выполнен только частично. (0x12B)
[0601/161158.377:ERROR:process_memory_win.cc(73)] ReadMemory at 0x1773feda610 of 132 bytes failed: Запрос ReadProcessMemory или WriteProcessMemory был выполнен только частично. (0x12B)
[0601/161158.378:ERROR:process_memory_win.cc(73)] ReadMemory at 0x1773feda7a0 of 64 bytes failed: Запрос ReadProcessMemory или WriteProcessMemory был выполнен только частично. (0x12B)
[0601/161158.378:ERROR:process_memory_win.cc(73)] ReadMemory at 0x1773feda7f0 of 64 bytes failed: Запрос ReadProcessMemory или WriteProcessMemory был выполнен только частично. (0x12B)
[0601/161158.378:ERROR:process_memory_win.cc(73)] ReadMemory at 0x1773feda840 of 64 bytes failed: Запрос ReadProcessMemory или WriteProcessMemory был выполнен только частично. (0x12B)
[0601/161158.378:ERROR:process_memory_win.cc(73)] ReadMemory at 0x1773fedab10 of 60 bytes failed: Запрос ReadProcessMemory или WriteProcessMemory был выполнен только частично. (0x12B)
[0601/161158.378:ERROR:process_memory_win.cc(73)] ReadMemory at 0x1773fedac50 of 62 bytes failed: Запрос ReadProcessMemory или WriteProcessMemory был выполнен только частично. (0x12B)
[0601/161158.378:ERROR:process_memory_win.cc(73)] ReadMemory at 0x1773fedad90 of 60 bytes failed: Запрос ReadProcessMemory или WriteProcessMemory был выполнен только частично. (0x12B)
[0601/161158.378:ERROR:process_memory_win.cc(73)] ReadMemory at 0x1773fedade0 of 66 bytes failed: Запрос ReadProcessMemory или WriteProcessMemory был выполнен только частично. (0x12B)
[0601/161158.378:ERROR:process_memory_win.cc(73)] ReadMemory at 0x1773fedae30 of 64 bytes failed: Запрос ReadProcessMemory или WriteProcessMemory был выполнен только частично. (0x12B)
[0601/161158.378:ERROR:process_memory_win.cc(73)] ReadMemory at 0x1773fedaed0 of 62 bytes failed: Запрос ReadProcessMemory или WriteProcessMemory был выполнен только частично. (0x12B)
[0601/161158.378:ERROR:process_memory_win.cc(73)] ReadMemory at 0x1773fedaf60 of 132 bytes failed: Запрос ReadProcessMemory или WriteProcessMemory был выполнен только частично. (0x12B)
[0601/161158.378:ERROR:process_memory_win.cc(73)] ReadMemory at 0x1773fedb2c0 of 132 bytes failed: Запрос ReadProcessMemory или WriteProcessMemory был выполнен только частично. (0x12B)
[0601/161158.378:ERROR:process_memory_win.cc(73)] ReadMemory at 0x1773fedb570 of 132 bytes failed: Запрос ReadProcessMemory или WriteProcessMemory был выполнен только частично. (0x12B)
[0601/161158.378:ERROR:process_memory_win.cc(73)] ReadMemory at 0x1773fedb700 of 80 bytes failed: Запрос ReadProcessMemory или WriteProcessMemory был выполнен только частично. (0x12B)
[0601/161158.378:ERROR:process_memory_win.cc(73)] ReadMemory at 0x1773fedbb10 of 76 bytes failed: Запрос ReadProcessMemory или WriteProcessMemory был выполнен только частично. (0x12B)
[0601/161158.378:ERROR:process_memory_win.cc(73)] ReadMemory at 0x1773fedc050 of 80 bytes failed: Запрос ReadProcessMemory или WriteProcessMemory был выполнен только частично. (0x12B)
[0601/161158.378:ERROR:process_memory_win.cc(73)] ReadMemory at 0x1773fedc110 of 78 bytes failed: Запрос ReadProcessMemory или WriteProcessMemory был выполнен только частично. (0x12B)
[0601/161158.378:ERROR:process_memory_win.cc(73)] ReadMemory at 0x1773feddf50 of 132 bytes failed: Запрос ReadProcessMemory или WriteProcessMemory был выполнен только частично. (0x12B)
[0601/161158.378:ERROR:process_memory_win.cc(73)] ReadMemory at 0x1773fee0900 of 54 bytes failed: Запрос ReadProcessMemory или WriteProcessMemory был выполнен только частично. (0x12B)
[0601/161158.378:ERROR:process_memory_win.cc(73)] ReadMemory at 0x1773fee1120 of 132 bytes failed: Запрос ReadProcessMemory или WriteProcessMemory был выполнен только частично. (0x12B)
[0601/161158.378:ERROR:process_memory_win.cc(73)] ReadMemory at 0x1773fee28c0 of 132 bytes failed: Запрос ReadProcessMemory или WriteProcessMemory был выполнен только частично. (0x12B)
[0601/161158.379:ERROR:process_memory_win.cc(73)] ReadMemory at 0x1773fee4540 of 132 bytes failed: Запрос ReadProcessMemory или WriteProcessMemory был выполнен только частично. (0x12B)
[0601/161158.379:ERROR:process_memory_win.cc(73)] ReadMemory at 0x1773fee4870 of 132 bytes failed: Запрос ReadProcessMemory или WriteProcessMemory был выполнен только частично. (0x12B)
[0601/161158.379:ERROR:process_memory_win.cc(73)] ReadMemory at 0x1773fee49a0 of 132 bytes failed: Запрос ReadProcessMemory или WriteProcessMemory был выполнен только частично. (0x12B)
[0601/161158.379:ERROR:process_memory_win.cc(73)] ReadMemory at 0x1773fee4c00 of 132 bytes failed: Запрос ReadProcessMemory или WriteProcessMemory был выполнен только частично. (0x12B)
[0601/161158.379:ERROR:process_memory_win.cc(73)] ReadMemory at 0x1773fee4d30 of 132 bytes failed: Запрос ReadProcessMemory или WriteProcessMemory был выполнен только частично. (0x12B)
[0601/161158.379:ERROR:process_memory_win.cc(73)] ReadMemory at 0x1773fee4e60 of 132 bytes failed: Запрос ReadProcessMemory или WriteProcessMemory был выполнен только частично. (0x12B)
[0601/161158.379:ERROR:process_memory_win.cc(73)] ReadMemory at 0x1773fee4f90 of 132 bytes failed: Запрос ReadProcessMemory или WriteProcessMemory был выполнен только частично. (0x12B)
[0601/161158.379:ERROR:process_memory_win.cc(73)] ReadMemory at 0x1773fee50c0 of 132 bytes failed: Запрос ReadProcessMemory или WriteProcessMemory был выполнен только частично. (0x12B)
[0601/161158.379:ERROR:process_memory_win.cc(73)] ReadMemory at 0x1773fee51f0 of 132 bytes failed: Запрос ReadProcessMemory или WriteProcessMemory был выполнен только частично. (0x12B)
[0601/161158.379:ERROR:process_memory_win.cc(73)] ReadMemory at 0x1773fee5320 of 132 bytes failed: Запрос ReadProcessMemory или WriteProcessMemory был выполнен только частично. (0x12B)
[0601/161158.379:ERROR:process_memory_win.cc(73)] ReadMemory at 0x1773fee5450 of 132 bytes failed: Запрос ReadProcessMemory или WriteProcessMemory был выполнен только частично. (0x12B)
[0601/161158.379:ERROR:process_memory_win.cc(73)] ReadMemory at 0x1773fee5580 of 132 bytes failed: Запрос ReadProcessMemory или WriteProcessMemory был выполнен только частично. (0x12B)
[0601/161158.379:ERROR:process_memory_win.cc(73)] ReadMemory at 0x1773fee56b0 of 132 bytes failed: Запрос ReadProcessMemory или WriteProcessMemory был выполнен только частично. (0x12B)
[0601/161158.379:ERROR:process_memory_win.cc(73)] ReadMemory at 0x1773fee6020 of 62 bytes failed: Запрос ReadProcessMemory или WriteProcessMemory был выполнен только частично. (0x12B)
[0601/161158.379:ERROR:process_memory_win.cc(73)] ReadMemory at 0x1773fee6070 of 62 bytes failed: Запрос ReadProcessMemory или WriteProcessMemory был выполнен только частично. (0x12B)
[0601/161158.379:ERROR:process_memory_win.cc(73)] ReadMemory at 0x1773fee60c0 of 60 bytes failed: Запрос ReadProcessMemory или WriteProcessMemory был выполнен только частично. (0x12B)
[0601/161158.379:ERROR:process_memory_win.cc(73)] ReadMemory at 0x1773fee6110 of 64 bytes failed: Запрос ReadProcessMemory или WriteProcessMemory был выполнен только частично. (0x12B)
[0601/161158.379:ERROR:process_memory_win.cc(73)] ReadMemory at 0x1773fee6200 of 60 bytes failed: Запрос ReadProcessMemory или WriteProcessMemory был выполнен только частично. (0x12B)
[0601/161158.380:ERROR:process_memory_win.cc(73)] ReadMemory at 0x1773fee62f0 of 64 bytes failed: Запрос ReadProcessMemory или WriteProcessMemory был выполнен только частично. (0x12B)
[0601/161158.380:ERROR:process_memory_win.cc(73)] ReadMemory at 0x1773fee6340 of 62 bytes failed: Запрос ReadProcessMemory или WriteProcessMemory был выполнен только частично. (0x12B)
[0601/161158.380:ERROR:process_memory_win.cc(73)] ReadMemory at 0x1773fee63e0 of 62 bytes failed: Запрос ReadProcessMemory или WriteProcessMemory был выполнен только частично. (0x12B)
[0601/161158.380:ERROR:process_memory_win.cc(73)] ReadMemory at 0x1773fee64d0 of 60 bytes failed: Запрос ReadProcessMemory или WriteProcessMemory был выполнен только частично. (0x12B)
[0601/161158.380:ERROR:process_memory_win.cc(73)] ReadMemory at 0x1773fee6570 of 62 bytes failed: Запрос ReadProcessMemory или WriteProcessMemory был выполнен только частично. (0x12B)
[0601/161158.380:ERROR:process_memory_win.cc(73)] ReadMemory at 0x1773fee65c0 of 62 bytes failed: Запрос ReadProcessMemory или WriteProcessMemory был выполнен только частично. (0x12B)
[0601/161158.380:ERROR:process_memory_win.cc(73)] ReadMemory at 0x1773fee6610 of 64 bytes failed: Запрос ReadProcessMemory или WriteProcessMemory был выполнен только частично. (0x12B)
[0601/161158.380:ERROR:process_memory_win.cc(73)] ReadMemory at 0x1773fee6660 of 58 bytes failed: Запрос ReadProcessMemory или WriteProcessMemory был выполнен только частично. (0x12B)
[0601/161158.380:ERROR:process_memory_win.cc(73)] ReadMemory at 0x1773fee66b0 of 66 bytes failed: Запрос ReadProcessMemory или WriteProcessMemory был выполнен только частично. (0x12B)
[0601/161158.380:ERROR:process_memory_win.cc(73)] ReadMemory at 0x1773fee6890 of 62 bytes failed: Запрос ReadProcessMemory или WriteProcessMemory был выполнен только частично. (0x12B)
[0601/161158.380:ERROR:process_memory_win.cc(73)] ReadMemory at 0x1773fee68e0 of 60 bytes failed: Запрос ReadProcessMemory или WriteProcessMemory был выполнен только частично. (0x12B)
[0601/161158.380:ERROR:process_memory_win.cc(73)] ReadMemory at 0x1773fee6930 of 62 bytes failed: Запрос ReadProcessMemory или WriteProcessMemory был выполнен только частично. (0x12B)
[0601/161158.381:ERROR:process_memory_win.cc(73)] ReadMemory at 0x1773fee69d0 of 64 bytes failed: Запрос ReadProcessMemory или WriteProcessMemory был выполнен только частично. (0x12B)
[0601/161158.381:ERROR:process_memory_win.cc(73)] ReadMemory at 0x1773fee6ac0 of 64 bytes failed: Запрос ReadProcessMemory или WriteProcessMemory был выполнен только частично. (0x12B)
[0601/161158.381:ERROR:process_memory_win.cc(73)] ReadMemory at 0x1773fee6b10 of 62 bytes failed: Запрос ReadProcessMemory или WriteProcessMemory был выполнен только частично. (0x12B)
[0601/161158.381:ERROR:process_memory_win.cc(73)] ReadMemory at 0x1773fee6fd0 of 132 bytes failed: Запрос ReadProcessMemory или WriteProcessMemory был выполнен только частично. (0x12B)
[0601/161158.381:ERROR:process_memory_win.cc(73)] ReadMemory at 0x1773fee7100 of 132 bytes failed: Запрос ReadProcessMemory или WriteProcessMemory был выполнен только частично. (0x12B)
[0601/161158.381:ERROR:process_memory_win.cc(73)] ReadMemory at 0x1773fee7230 of 132 bytes failed: Запрос ReadProcessMemory или WriteProcessMemory был выполнен только частично. (0x12B)
[0601/161158.381:ERROR:process_memory_win.cc(73)] ReadMemory at 0x1773fee7490 of 132 bytes failed: Запрос ReadProcessMemory или WriteProcessMemory был выполнен только частично. (0x12B)
[0601/161158.381:ERROR:process_memory_win.cc(73)] ReadMemory at 0x1773fee75c0 of 132 bytes failed: Запрос ReadProcessMemory или WriteProcessMemory был выполнен только частично. (0x12B)
[0601/161158.381:ERROR:process_memory_win.cc(73)] ReadMemory at 0x1773fee76f0 of 132 bytes failed: Запрос ReadProcessMemory или WriteProcessMemory был выполнен только частично. (0x12B)
[0601/161158.381:ERROR:process_memory_win.cc(73)] ReadMemory at 0x1773fee7820 of 132 bytes failed: Запрос ReadProcessMemory или WriteProcessMemory был выполнен только частично. (0x12B)
[0601/161158.381:ERROR:process_memory_win.cc(73)] ReadMemory at 0x1773fee7950 of 132 bytes failed: Запрос ReadProcessMemory или WriteProcessMemory был выполнен только частично. (0x12B)
[0601/161158.381:ERROR:process_memory_win.cc(73)] ReadMemory at 0x1773fee7a80 of 132 bytes failed: Запрос ReadProcessMemory или WriteProcessMemory был выполнен только частично. (0x12B)
[0601/161158.381:ERROR:process_memory_win.cc(73)] ReadMemory at 0x1773fee7bb0 of 132 bytes failed: Запрос ReadProcessMemory или WriteProcessMemory был выполнен только частично. (0x12B)
[0601/161158.381:ERROR:process_memory_win.cc(73)] ReadMemory at 0x1773fee7ce0 of 132 bytes failed: Запрос ReadProcessMemory или WriteProcessMemory был выполнен только частично. (0x12B)
[0601/161158.381:ERROR:process_memory_win.cc(73)] ReadMemory at 0x1773fee7e10 of 132 bytes failed: Запрос ReadProcessMemory или WriteProcessMemory был выполнен только частично. (0x12B)
[0601/161158.381:ERROR:process_memory_win.cc(73)] ReadMemory at 0x1773fee7f40 of 132 bytes failed: Запрос ReadProcessMemory или WriteProcessMemory был выполнен только частично. (0x12B)
[0601/161158.381:ERROR:process_memory_win.cc(73)] ReadMemory at 0x1773fee8070 of 132 bytes failed: Запрос ReadProcessMemory или WriteProcessMemory был выполнен только частично. (0x12B)
[0601/161158.381:ERROR:process_memory_win.cc(73)] ReadMemory at 0x1773fee81a0 of 132 bytes failed: Запрос ReadProcessMemory или WriteProcessMemory был выполнен только частично. (0x12B)
[0601/161158.381:ERROR:process_memory_win.cc(73)] ReadMemory at 0x1773fee8530 of 132 bytes failed: Запрос ReadProcessMemory или WriteProcessMemory был выполнен только частично. (0x12B)
[0601/161158.382:ERROR:process_memory_win.cc(73)] ReadMemory at 0x1773fee8660 of 132 bytes failed: Запрос ReadProcessMemory или WriteProcessMemory был выполнен только частично. (0x12B)
[0601/161158.382:ERROR:process_memory_win.cc(73)] ReadMemory at 0x1773fee8790 of 132 bytes failed: Запрос ReadProcessMemory или WriteProcessMemory был выполнен только частично. (0x12B)
[0601/161158.382:ERROR:process_memory_win.cc(73)] ReadMemory at 0x1773fee88c0 of 132 bytes failed: Запрос ReadProcessMemory или WriteProcessMemory был выполнен только частично. (0x12B)
[0601/161158.382:ERROR:process_memory_win.cc(73)] ReadMemory at 0x1773fee8b20 of 132 bytes failed: Запрос ReadProcessMemory или WriteProcessMemory был выполнен только частично. (0x12B)
[0601/161158.382:ERROR:process_memory_win.cc(73)] ReadMemory at 0x1773fee8c50 of 132 bytes failed: Запрос ReadProcessMemory или WriteProcessMemory был выполнен только частично. (0x12B)
[0601/161158.382:ERROR:process_memory_win.cc(73)] ReadMemory at 0x1773fefb080 of 62 bytes failed: Запрос ReadProcessMemory или WriteProcessMemory был выполнен только частично. (0x12B)
[0601/161158.382:ERROR:process_memory_win.cc(73)] ReadMemory at 0x1773fefb260 of 58 bytes failed: Запрос ReadProcessMemory или WriteProcessMemory был выполнен только частично. (0x12B)
[0601/161158.382:ERROR:process_memory_win.cc(73)] ReadMemory at 0x1773fefb530 of 66 bytes failed: Запрос ReadProcessMemory или WriteProcessMemory был выполнен только частично. (0x12B)
[0601/161158.382:ERROR:process_memory_win.cc(73)] ReadMemory at 0x1773fefb620 of 60 bytes failed: Запрос ReadProcessMemory или WriteProcessMemory был выполнен только частично. (0x12B)
[0601/161158.382:ERROR:process_memory_win.cc(73)] ReadMemory at 0x1773fefb670 of 60 bytes failed: Запрос ReadProcessMemory или WriteProcessMemory был выполнен только частично. (0x12B)
[0601/161158.382:ERROR:process_memory_win.cc(73)] ReadMemory at 0x1773fefb8f0 of 62 bytes failed: Запрос ReadProcessMemory или WriteProcessMemory был выполнен только частично. (0x12B)
[0601/161158.383:ERROR:process_memory_win.cc(73)] ReadMemory at 0x1773fefbd50 of 58 bytes failed: Запрос ReadProcessMemory или WriteProcessMemory был выполнен только частично. (0x12B)
[0601/161158.383:ERROR:process_memory_win.cc(73)] ReadMemory at 0x1773fefbdf0 of 58 bytes failed: Запрос ReadProcessMemory или WriteProcessMemory был выполнен только частично. (0x12B)
[0601/161158.383:ERROR:process_memory_win.cc(73)] ReadMemory at 0x1773ff01160 of 512 bytes failed: Запрос ReadProcessMemory или WriteProcessMemory был выполнен только частично. (0x12B)
[0601/161158.383:ERROR:process_memory_win.cc(73)] ReadMemory at 0x1773ff07760 of 512 bytes failed: Запрос ReadProcessMemory или WriteProcessMemory был выполнен только частично. (0x12B)
[0601/161158.383:ERROR:process_memory_win.cc(73)] ReadMemory at 0x1773ffe0e80 of 512 bytes failed: Запрос ReadProcessMemory или WriteProcessMemory был выполнен только частично. (0x12B)
[0601/161158.383:ERROR:process_memory_win.cc(73)] ReadMemory at 0x1773ffe1600 of 512 bytes failed: Запрос ReadProcessMemory или WriteProcessMemory был выполнен только частично. (0x12B)
[0601/161158.383:ERROR:process_memory_win.cc(73)] ReadMemory at 0x177404dd500 of 512 bytes failed: Запрос ReadProcessMemory или WriteProcessMemory был выполнен только частично. (0x12B)
[0601/161158.383:ERROR:process_memory_win.cc(73)] ReadMemory at 0x177404e2d00 of 712 bytes failed: Запрос ReadProcessMemory или WriteProcessMemory был выполнен только частично. (0x12B)
[0601/161158.383:ERROR:process_memory_win.cc(73)] ReadMemory at 0x177404ed5e0 of 512 bytes failed: Запрос ReadProcessMemory или WriteProcessMemory был выполнен только частично. (0x12B)
[0601/161158.383:ERROR:process_memory_win.cc(73)] ReadMemory at 0x1774051e0d0 of 512 bytes failed: Запрос ReadProcessMemory или WriteProcessMemory был выполнен только частично. (0x12B)
[0601/161158.383:ERROR:process_memory_win.cc(73)] ReadMemory at 0x17740529c60 of 512 bytes failed: Запрос ReadProcessMemory или WriteProcessMemory был выполнен только частично. (0x12B)
[0601/161158.383:ERROR:process_memory_win.cc(73)] ReadMemory at 0x17741cf0000 of 384 bytes failed: Запрос ReadProcessMemory или WriteProcessMemory был выполнен только частично. (0x12B)
[0601/161158.383:ERROR:process_memory_win.cc(73)] ReadMemory at 0x17743b5d910 of 512 bytes failed: Запрос ReadProcessMemory или WriteProcessMemory был выполнен только частично. (0x12B)
[0601/161158.383:ERROR:process_memory_win.cc(73)] ReadMemory at 0x532400000000 of 386 bytes failed: Запрос ReadProcessMemory или WriteProcessMemory был выполнен только частично. (0x12B)
[0601/161158.383:ERROR:process_memory_win.cc(73)] ReadMemory at 0x53240804028d of 512 bytes failed: Запрос ReadProcessMemory или WriteProcessMemory был выполнен только частично. (0x12B)
[0601/161158.383:ERROR:process_memory_win.cc(73)] ReadMemory at 0x5324085484e1 of 512 bytes failed: Запрос ReadProcessMemory или WriteProcessMemory был выполнен только частично. (0x12B)
[0601/161158.384:ERROR:process_memory_win.cc(73)] ReadMemory at 0x5324090d2099 of 512 bytes failed: Запрос ReadProcessMemory или WriteProcessMemory был выполнен только частично. (0x12B)
[0601/161158.384:ERROR:process_memory_win.cc(73)] ReadMemory at 0x532409766a61 of 512 bytes failed: Запрос ReadProcessMemory или WriteProcessMemory был выполнен только частично. (0x12B)
[0601/161158.384:ERROR:process_memory_win.cc(73)] ReadMemory at 0x7ffaeb898f7b of 512 bytes failed: Запрос ReadProcessMemory или WriteProcessMemory был выполнен только частично. (0x12B)
[0601/161158.384:ERROR:process_memory_win.cc(73)] ReadMemory at 0x7ffb42ffa719 of 512 bytes failed: Запрос ReadProcessMemory или WriteProcessMemory был выполнен только частично. (0x12B)
[0601/161158.384:ERROR:process_memory_win.cc(73)] ReadMemory at 0x7ffb4322c6e0 of 512 bytes failed: Запрос ReadProcessMemory или WriteProcessMemory был выполнен только частично. (0x12B)
[0601/161158.384:ERROR:process_memory_win.cc(73)] ReadMemory at 0x7ffb4525c074 of 832 bytes failed: Запрос ReadProcessMemory или WriteProcessMemory был выполнен только частично. (0x12B)
[0601/161158.384:ERROR:process_memory_win.cc(73)] ReadMemory at 0x7ffb4525f924 of 608 bytes failed: Запрос ReadProcessMemory или WriteProcessMemory был выполнен только частично. (0x12B)
[0601/161158.384:ERROR:process_memory_win.cc(73)] ReadMemory at 0x7ffb452ec428 of 18 bytes failed: Запрос ReadProcessMemory или WriteProcessMemory был выполнен только частично. (0x12B)
[0601/161158.384:ERROR:process_memory_win.cc(73)] ReadMemory at 0x7ffb4531f4f8 of 40 bytes failed: Запрос ReadProcessMemory или WriteProcessMemory был выполнен только частично. (0x12B)
[0601/161158.384:ERROR:process_memory_win.cc(73)] ReadMemory at 0x7ffb4531f978 of 48 bytes failed: Запрос ReadProcessMemory или WriteProcessMemory был выполнен только частично. (0x12B)
[0601/161158.384:ERROR:process_memory_win.cc(73)] ReadMemory at 0x7ffb453253c0 of 64 bytes failed: Запрос ReadProcessMemory или WriteProcessMemory был выполнен только частично. (0x12B)
[0601/161158.385:ERROR:scoped_process_suspend.cc(40)] NtResumeProcess: Попытка доступа к процессу, выполняющему процедуру завершения. (0xc000010a)
[0601/162941.015:ERROR:process_memory_win.cc(73)] ReadMemory at 0x1f300095ff0 of 72 bytes failed: Запрос ReadProcessMemory или WriteProcessMemory был выполнен только частично. (0x12B)
[0601/162941.015:WARNING:pe_image_annotations_reader.cc(134)] could not read annotations list object in C:\Program Files (x86)\Google\Chrome\Application\83.0.4103.61\chrome.dll
[0601/162941.017:ERROR:process_memory_win.cc(73)] ReadMemory at 0x1f300095ff0 of 72 bytes failed: Запрос ReadProcessMemory или WriteProcessMemory был выполнен только частично. (0x12B)
[0601/162941.017:WARNING:pe_image_annotations_reader.cc(134)] could not read annotations list object in C:\Program Files (x86)\Google\Chrome\Application\83.0.4103.61\chrome.dll
[0601/162941.026:ERROR:process_memory_win.cc(73)] ReadMemory at 0xa0ed1eb000 of 86016 bytes failed: Запрос ReadProcessMemory или WriteProcessMemory был выполнен только частично. (0x12B)
[0601/162941.027:ERROR:process_memory_win.cc(73)] ReadMemory at 0xa0ed9fd000 of 12288 bytes failed: Запрос ReadProcessMemory или WriteProcessMemory был выполнен только частично. (0x12B)
[0601/162941.027:ERROR:process_memory_win.cc(73)] ReadMemory at 0xa0ee1f5000 of 45056 bytes failed: Запрос ReadProcessMemory или WriteProcessMemory был выполнен только частично. (0x12B)
[0601/162941.027:ERROR:process_memory_win.cc(73)] ReadMemory at 0xa0ee9fc000 of 16384 bytes failed: Запрос ReadProcessMemory или WriteProcessMemory был выполнен только частично. (0x12B)
[0601/162941.027:ERROR:process_memory_win.cc(73)] ReadMemory at 0xa0ef1fc000 of 16384 bytes failed: Запрос ReadProcessMemory или WriteProcessMemory был выполнен только частично. (0x12B)
[0601/162941.027:ERROR:process_memory_win.cc(73)] ReadMemory at 0xa0ef9ff000 of 4096 bytes failed: Запрос ReadProcessMemory или WriteProcessMemory был выполнен только частично. (0x12B)
[0601/162941.027:ERROR:process_memory_win.cc(73)] ReadMemory at 0xa0f01fd000 of 12288 bytes failed: Запрос ReadProcessMemory или WriteProcessMemory был выполнен только частично. (0x12B)
[0601/162941.027:ERROR:process_memory_win.cc(73)] ReadMemory at 0xa0f09fb000 of 20480 bytes failed: Запрос ReadProcessMemory или WriteProcessMemory был выполнен только частично. (0x12B)
[0601/162941.027:ERROR:process_memory_win.cc(73)] ReadMemory at 0xa0f11fb000 of 20480 bytes failed: Запрос ReadProcessMemory или WriteProcessMemory был выполнен только частично. (0x12B)
[0601/162941.027:ERROR:process_memory_win.cc(73)] ReadMemory at 0xa0f19f6000 of 40960 bytes failed: Запрос ReadProcessMemory или WriteProcessMemory был выполнен только частично. (0x12B)
[0601/162941.027:ERROR:process_memory_win.cc(73)] ReadMemory at 0xa0f21f5000 of 45056 bytes failed: Запрос ReadProcessMemory или WriteProcessMemory был выполнен только частично. (0x12B)
[0601/162941.027:ERROR:process_memory_win.cc(73)] ReadMemory at 0xa0f29fd000 of 12288 bytes failed: Запрос ReadProcessMemory или WriteProcessMemory был выполнен только частично. (0x12B)
[0601/162941.027:ERROR:process_memory_win.cc(73)] ReadMemory at 0xa0f31fd000 of 12288 bytes failed: Запрос ReadProcessMemory или WriteProcessMemory был выполнен только частично. (0x12B)
[0601/162941.027:ERROR:process_memory_win.cc(73)] ReadMemory at 0xa0f39f8000 of 32768 bytes failed: Запрос ReadProcessMemory или WriteProcessMemory был выполнен только частично. (0x12B)
[0601/162941.027:ERROR:process_memory_win.cc(73)] ReadMemory at 0xa0f41f7000 of 36864 bytes failed: Запрос ReadProcessMemory или WriteProcessMemory был выполнен только частично. (0x12B)
[0601/162941.028:ERROR:process_memory_win.cc(73)] ReadMemory at 0xa0f51fb000 of 20480 bytes failed: Запрос ReadProcessMemory или WriteProcessMemory был выполнен только частично. (0x12B)
[0601/162941.028:ERROR:process_memory_win.cc(73)] ReadMemory at 0xa0ec937000 of 852 bytes failed: Запрос ReadProcessMemory или WriteProcessMemory был выполнен только частично. (0x12B)
[0601/162941.028:ERROR:process_memory_win.cc(73)] ReadMemory at 0xa0ec938000 of 6024 bytes failed: Запрос ReadProcessMemory или WriteProcessMemory был выполнен только частично. (0x12B)
[0601/162941.028:ERROR:process_memory_win.cc(73)] ReadMemory at 0xa0ec93a000 of 6024 bytes failed: Запрос ReadProcessMemory или WriteProcessMemory был выполнен только частично. (0x12B)
[0601/162941.028:ERROR:process_memory_win.cc(73)] ReadMemory at 0xa0ec93c000 of 6024 bytes failed: Запрос ReadProcessMemory или WriteProcessMemory был выполнен только частично. (0x12B)
[0601/162941.028:ERROR:process_memory_win.cc(73)] ReadMemory at 0xa0ec93e000 of 6024 bytes failed: Запрос ReadProcessMemory или WriteProcessMemory был выполнен только частично. (0x12B)
[0601/162941.028:ERROR:process_memory_win.cc(73)] ReadMemory at 0xa0ec940000 of 6024 bytes failed: Запрос ReadProcessMemory или WriteProcessMemory был выполнен только частично. (0x12B)
[0601/162941.028:ERROR:process_memory_win.cc(73)] ReadMemory at 0xa0ec942000 of 6024 bytes failed: Запрос ReadProcessMemory или WriteProcessMemory был выполнен только частично. (0x12B)
[0601/162941.028:ERROR:process_memory_win.cc(73)] ReadMemory at 0xa0ec944000 of 6024 bytes failed: Запрос ReadProcessMemory или WriteProcessMemory был выполнен только частично. (0x12B)
[0601/162941.028:ERROR:process_memory_win.cc(73)] ReadMemory at 0xa0ec946000 of 6024 bytes failed: Запрос ReadProcessMemory или WriteProcessMemory был выполнен только частично. (0x12B)
[0601/162941.028:ERROR:process_memory_win.cc(73)] ReadMemory at 0xa0ec948000 of 6024 bytes failed: Запрос ReadProcessMemory или WriteProcessMemory был выполнен только частично. (0x12B)
[0601/162941.028:ERROR:process_memory_win.cc(73)] ReadMemory at 0xa0ec94a000 of 6024 bytes failed: Запрос ReadProcessMemory или WriteProcessMemory был выполнен только частично. (0x12B)
[0601/162941.028:ERROR:process_memory_win.cc(73)] ReadMemory at 0xa0ec94c000 of 6024 bytes failed: Запрос ReadProcessMemory или WriteProcessMemory был выполнен только частично. (0x12B)
[0601/162941.029:ERROR:process_memory_win.cc(73)] ReadMemory at 0xa0ec94e000 of 6024 bytes failed: Запрос ReadProcessMemory или WriteProcessMemory был выполнен только частично. (0x12B)
[0601/162941.029:ERROR:process_memory_win.cc(73)] ReadMemory at 0xa0ec950000 of 6024 bytes failed: Запрос ReadProcessMemory или WriteProcessMemory был выполнен только частично. (0x12B)
[0601/162941.029:ERROR:process_memory_win.cc(73)] ReadMemory at 0xa0ec952000 of 6024 bytes failed: Запрос ReadProcessMemory или WriteProcessMemory был выполнен только частично. (0x12B)
[0601/162941.029:ERROR:process_memory_win.cc(73)] ReadMemory at 0xa0ec954000 of 6024 bytes failed: Запрос ReadProcessMemory или WriteProcessMemory был выполнен только частично. (0x12B)
[0601/162941.029:ERROR:process_memory_win.cc(73)] ReadMemory at 0xa0ec958000 of 6024 bytes failed: Запрос ReadProcessMemory или WriteProcessMemory был выполнен только частично. (0x12B)
[0601/162941.029:ERROR:process_memory_win.cc(73)] ReadMemory at 0x1f300040dc0 of 704 bytes failed: Запрос ReadProcessMemory или WriteProcessMemory был выполнен только частично. (0x12B)
[0601/162941.029:ERROR:process_memory_win.cc(73)] ReadMemory at 0x1f3000410c0 of 512 bytes failed: Запрос ReadProcessMemory или WriteProcessMemory был выполнен только частично. (0x12B)
[0601/162941.029:ERROR:process_memory_win.cc(73)] ReadMemory at 0x1f300043940 of 512 bytes failed: Запрос ReadProcessMemory или WriteProcessMemory был выполнен только частично. (0x12B)
[0601/162941.029:ERROR:process_memory_win.cc(73)] ReadMemory at 0x1f3000cd500 of 512 bytes failed: Запрос ReadProcessMemory или WriteProcessMemory был выполнен только частично. (0x12B)
[0601/162941.029:ERROR:process_memory_win.cc(73)] ReadMemory at 0x1f3000cf5d0 of 512 bytes failed: Запрос ReadProcessMemory или WriteProcessMemory был выполнен только частично. (0x12B)
[0601/162941.029:ERROR:process_memory_win.cc(73)] ReadMemory at 0x1f3000d2d00 of 712 bytes failed: Запрос ReadProcessMemory или WriteProcessMemory был выполнен только частично. (0x12B)
[0601/162941.029:ERROR:process_memory_win.cc(73)] ReadMemory at 0x1f3000dcda0 of 512 bytes failed: Запрос ReadProcessMemory или WriteProcessMemory был выполнен только частично. (0x12B)
[0601/162941.029:ERROR:process_memory_win.cc(73)] ReadMemory at 0x1f3019f7880 of 512 bytes failed: Запрос ReadProcessMemory или WriteProcessMemory был выполнен только частично. (0x12B)
[0601/162941.029:ERROR:process_memory_win.cc(73)] ReadMemory at 0x1f378270fe0 of 4018 bytes failed: Запрос ReadProcessMemory или WriteProcessMemory был выполнен только частично. (0x12B)
[0601/162941.029:ERROR:process_memory_win.cc(73)] ReadMemory at 0x1f378271fa0 of 1012 bytes failed: Запрос ReadProcessMemory или WriteProcessMemory был выполнен только частично. (0x12B)
[0601/162941.029:ERROR:process_memory_win.cc(73)] ReadMemory at 0x1f3782725e8 of 118 bytes failed: Запрос ReadProcessMemory или WriteProcessMemory был выполнен только частично. (0x12B)
[0601/162941.030:ERROR:process_memory_win.cc(73)] ReadMemory at 0x1f378272660 of 1264 bytes failed: Запрос ReadProcessMemory или WriteProcessMemory был выполнен только частично. (0x12B)
[0601/162941.030:ERROR:process_memory_win.cc(73)] ReadMemory at 0x1f378272b52 of 118 bytes failed: Запрос ReadProcessMemory или WriteProcessMemory был выполнен только частично. (0x12B)
[0601/162941.030:ERROR:process_memory_win.cc(73)] ReadMemory at 0x1f378272bca of 98 bytes failed: Запрос ReadProcessMemory или WriteProcessMemory был выполнен только частично. (0x12B)
[0601/162941.030:ERROR:process_memory_win.cc(73)] ReadMemory at 0x1f378272c40 of 58 bytes failed: Запрос ReadProcessMemory или WriteProcessMemory был выполнен только частично. (0x12B)
[0601/162941.030:ERROR:process_memory_win.cc(73)] ReadMemory at 0x1f378272d40 of 132 bytes failed: Запрос ReadProcessMemory или WriteProcessMemory был выполнен только частично. (0x12B)
[0601/162941.030:ERROR:process_memory_win.cc(73)] ReadMemory at 0x1f378272ed0 of 132 bytes failed: Запрос ReadProcessMemory или WriteProcessMemory был выполнен только частично. (0x12B)
[0601/162941.030:ERROR:process_memory_win.cc(73)] ReadMemory at 0x1f378273090 of 124 bytes failed: Запрос ReadProcessMemory или WriteProcessMemory был выполнен только частично. (0x12B)
[0601/162941.030:ERROR:process_memory_win.cc(73)] ReadMemory at 0x1f378273470 of 132 bytes failed: Запрос ReadProcessMemory или WriteProcessMemory был выполнен только частично. (0x12B)
[0601/162941.030:ERROR:process_memory_win.cc(73)] ReadMemory at 0x1f378273600 of 64 bytes failed: Запрос ReadProcessMemory или WriteProcessMemory был выполнен только частично. (0x12B)
[0601/162941.030:ERROR:process_memory_win.cc(73)] ReadMemory at 0x1f378273650 of 132 bytes failed: Запрос ReadProcessMemory или WriteProcessMemory был выполнен только частично. (0x12B)
[0601/162941.030:ERROR:process_memory_win.cc(73)] ReadMemory at 0x1f3782737c0 of 132 bytes failed: Запрос ReadProcessMemory или WriteProcessMemory был выполнен только частично. (0x12B)
[0601/162941.030:ERROR:process_memory_win.cc(73)] ReadMemory at 0x1f378273a60 of 132 bytes failed: Запрос ReadProcessMemory или WriteProcessMemory был выполнен только частично. (0x12B)
[0601/162941.030:ERROR:process_memory_win.cc(73)] ReadMemory at 0x1f378273bf0 of 68 bytes failed: Запрос ReadProcessMemory или WriteProcessMemory был выполнен только частично. (0x12B)
[0601/162941.030:ERROR:process_memory_win.cc(73)] ReadMemory at 0x1f378274ce0 of 144 bytes failed: Запрос ReadProcessMemory или WriteProcessMemory был выполнен только частично. (0x12B)
[0601/162941.030:ERROR:process_memory_win.cc(73)] ReadMemory at 0x1f378274dc0 of 132 bytes failed: Запрос ReadProcessMemory или WriteProcessMemory был выполнен только частично. (0x12B)
[0601/162941.030:ERROR:process_memory_win.cc(73)] ReadMemory at 0x1f378274f50 of 152 bytes failed: Запрос ReadProcessMemory или WriteProcessMemory был выполнен только частично. (0x12B)
[0601/162941.030:ERROR:process_memory_win.cc(73)] ReadMemory at 0x1f378275e00 of 62 bytes failed: Запрос ReadProcessMemory или WriteProcessMemory был выполнен только частично. (0x12B)
[0601/162941.030:ERROR:process_memory_win.cc(73)] ReadMemory at 0x1f378276430 of 132 bytes failed: Запрос ReadProcessMemory или WriteProcessMemory был выполнен только частично. (0x12B)
[0601/162941.031:ERROR:process_memory_win.cc(73)] ReadMemory at 0x1f378276560 of 60 bytes failed: Запрос ReadProcessMemory или WriteProcessMemory был выполнен только частично. (0x12B)
[0601/162941.031:ERROR:process_memory_win.cc(73)] ReadMemory at 0x1f37827a4e0 of 132 bytes failed: Запрос ReadProcessMemory или WriteProcessMemory был выполнен только частично. (0x12B)
[0601/162941.031:ERROR:process_memory_win.cc(73)] ReadMemory at 0x1f37827a610 of 132 bytes failed: Запрос ReadProcessMemory или WriteProcessMemory был выполнен только частично. (0x12B)
[0601/162941.031:ERROR:process_memory_win.cc(73)] ReadMemory at 0x1f37827a7a0 of 62 bytes failed: Запрос ReadProcessMemory или WriteProcessMemory был выполнен только частично. (0x12B)
[0601/162941.031:ERROR:process_memory_win.cc(73)] ReadMemory at 0x1f37827a840 of 64 bytes failed: Запрос ReadProcessMemory или WriteProcessMemory был выполнен только частично. (0x12B)
[0601/162941.031:ERROR:process_memory_win.cc(73)] ReadMemory at 0x1f37827a930 of 66 bytes failed: Запрос ReadProcessMemory или WriteProcessMemory был выполнен только частично. (0x12B)
[0601/162941.031:ERROR:process_memory_win.cc(73)] ReadMemory at 0x1f37827a980 of 60 bytes failed: Запрос ReadProcessMemory или WriteProcessMemory был выполнен только частично. (0x12B)
[0601/162941.031:ERROR:process_memory_win.cc(73)] ReadMemory at 0x1f37827aa20 of 64 bytes failed: Запрос ReadProcessMemory или WriteProcessMemory был выполнен только частично. (0x12B)
[0601/162941.031:ERROR:process_memory_win.cc(73)] ReadMemory at 0x1f37827aa70 of 62 bytes failed: Запрос ReadProcessMemory или WriteProcessMemory был выполнен только частично. (0x12B)
[0601/162941.031:ERROR:process_memory_win.cc(73)] ReadMemory at 0x1f37827ab10 of 64 bytes failed: Запрос ReadProcessMemory или WriteProcessMemory был выполнен только частично. (0x12B)
[0601/162941.031:ERROR:process_memory_win.cc(73)] ReadMemory at 0x1f37827ae80 of 60 bytes failed: Запрос ReadProcessMemory или WriteProcessMemory был выполнен только частично. (0x12B)
[0601/162941.031:ERROR:process_memory_win.cc(73)] ReadMemory at 0x1f37827aed0 of 64 bytes failed: Запрос ReadProcessMemory или WriteProcessMemory был выполнен только частично. (0x12B)
[0601/162941.031:ERROR:process_memory_win.cc(73)] ReadMemory at 0x1f37827af60 of 132 bytes failed: Запрос ReadProcessMemory или WriteProcessMemory был выполнен только частично. (0x12B)
[0601/162941.031:ERROR:process_memory_win.cc(73)] ReadMemory at 0x1f37827b2c0 of 132 bytes failed: Запрос ReadProcessMemory или WriteProcessMemory был выполнен только частично. (0x12B)
[0601/162941.031:ERROR:process_memory_win.cc(73)] ReadMemory at 0x1f37827b570 of 132 bytes failed: Запрос ReadProcessMemory или WriteProcessMemory был выполнен только частично. (0x12B)
[0601/162941.031:ERROR:process_memory_win.cc(73)] ReadMemory at 0x1f37827b700 of 80 bytes failed: Запрос ReadProcessMemory или WriteProcessMemory был выполнен только частично. (0x12B)
[0601/162941.031:ERROR:process_memory_win.cc(73)] ReadMemory at 0x1f37827b870 of 76 bytes failed: Запрос ReadProcessMemory или WriteProcessMemory был выполнен только частично. (0x12B)
[0601/162941.031:ERROR:process_memory_win.cc(73)] ReadMemory at 0x1f37827ba50 of 80 bytes failed: Запрос ReadProcessMemory или WriteProcessMemory был выполнен только частично. (0x12B)
[0601/162941.031:ERROR:process_memory_win.cc(73)] ReadMemory at 0x1f37827c530 of 78 bytes failed: Запрос ReadProcessMemory или WriteProcessMemory был выполнен только частично. (0x12B)
[0601/162941.032:ERROR:process_memory_win.cc(73)] ReadMemory at 0x1f37827df50 of 132 bytes failed: Запрос ReadProcessMemory или WriteProcessMemory был выполнен только частично. (0x12B)
[0601/162941.032:ERROR:process_memory_win.cc(73)] ReadMemory at 0x1f3782809c0 of 54 bytes failed: Запрос ReadProcessMemory или WriteProcessMemory был выполнен только частично. (0x12B)
[0601/162941.032:ERROR:process_memory_win.cc(73)] ReadMemory at 0x1f378281120 of 132 bytes failed: Запрос ReadProcessMemory или WriteProcessMemory был выполнен только частично. (0x12B)
[0601/162941.032:ERROR:process_memory_win.cc(73)] ReadMemory at 0x1f3782828c0 of 132 bytes failed: Запрос ReadProcessMemory или WriteProcessMemory был выполнен только частично. (0x12B)
[0601/162941.032:ERROR:process_memory_win.cc(73)] ReadMemory at 0x1f378284540 of 132 bytes failed: Запрос ReadProcessMemory или WriteProcessMemory был выполнен только частично. (0x12B)
[0601/162941.032:ERROR:process_memory_win.cc(73)] ReadMemory at 0x1f3782849a0 of 132 bytes failed: Запрос ReadProcessMemory или WriteProcessMemory был выполнен только частично. (0x12B)
[0601/162941.032:ERROR:process_memory_win.cc(73)] ReadMemory at 0x1f378284ad0 of 132 bytes failed: Запрос ReadProcessMemory или WriteProcessMemory был выполнен только частично. (0x12B)
[0601/162941.032:ERROR:process_memory_win.cc(73)] ReadMemory at 0x1f378284c00 of 132 bytes failed: Запрос ReadProcessMemory или WriteProcessMemory был выполнен только частично. (0x12B)
[0601/162941.032:ERROR:process_memory_win.cc(73)] ReadMemory at 0x1f378284d30 of 132 bytes failed: Запрос ReadProcessMemory или WriteProcessMemory был выполнен только частично. (0x12B)
[0601/162941.032:ERROR:process_memory_win.cc(73)] ReadMemory at 0x1f378284e60 of 132 bytes failed: Запрос ReadProcessMemory или WriteProcessMemory был выполнен только частично. (0x12B)
[0601/162941.032:ERROR:process_memory_win.cc(73)] ReadMemory at 0x1f378284f90 of 132 bytes failed: Запрос ReadProcessMemory или WriteProcessMemory был выполнен только частично. (0x12B)
[0601/162941.032:ERROR:process_memory_win.cc(73)] ReadMemory at 0x1f3782850c0 of 132 bytes failed: Запрос ReadProcessMemory или WriteProcessMemory был выполнен только частично. (0x12B)
[0601/162941.032:ERROR:process_memory_win.cc(73)] ReadMemory at 0x1f3782851f0 of 132 bytes failed: Запрос ReadProcessMemory или WriteProcessMemory был выполнен только частично. (0x12B)
[0601/162941.032:ERROR:process_memory_win.cc(73)] ReadMemory at 0x1f378285320 of 132 bytes failed: Запрос ReadProcessMemory или WriteProcessMemory был выполнен только частично. (0x12B)
[0601/162941.032:ERROR:process_memory_win.cc(73)] ReadMemory at 0x1f378285450 of 132 bytes failed: Запрос ReadProcessMemory или WriteProcessMemory был выполнен только частично. (0x12B)
[0601/162941.032:ERROR:process_memory_win.cc(73)] ReadMemory at 0x1f378285580 of 132 bytes failed: Запрос ReadProcessMemory или WriteProcessMemory был выполнен только частично. (0x12B)
[0601/162941.032:ERROR:process_memory_win.cc(73)] ReadMemory at 0x1f3782856b0 of 132 bytes failed: Запрос ReadProcessMemory или WriteProcessMemory был выполнен только частично. (0x12B)
[0601/162941.033:ERROR:process_memory_win.cc(73)] ReadMemory at 0x1f378285e90 of 62 bytes failed: Запрос ReadProcessMemory или WriteProcessMemory был выполнен только частично. (0x12B)
[0601/162941.033:ERROR:process_memory_win.cc(73)] ReadMemory at 0x1f378285f30 of 62 bytes failed: Запрос ReadProcessMemory или WriteProcessMemory был выполнен только частично. (0x12B)
[0601/162941.033:ERROR:process_memory_win.cc(73)] ReadMemory at 0x1f378286020 of 58 bytes failed: Запрос ReadProcessMemory или WriteProcessMemory был выполнен только частично. (0x12B)
[0601/162941.033:ERROR:process_memory_win.cc(73)] ReadMemory at 0x1f378286110 of 60 bytes failed: Запрос ReadProcessMemory или WriteProcessMemory был выполнен только частично. (0x12B)
[0601/162941.033:ERROR:process_memory_win.cc(73)] ReadMemory at 0x1f3782861b0 of 62 bytes failed: Запрос ReadProcessMemory или WriteProcessMemory был выполнен только частично. (0x12B)
[0601/162941.033:ERROR:process_memory_win.cc(73)] ReadMemory at 0x1f378286200 of 60 bytes failed: Запрос ReadProcessMemory или WriteProcessMemory был выполнен только частично. (0x12B)
[0601/162941.033:ERROR:process_memory_win.cc(73)] ReadMemory at 0x1f378286250 of 62 bytes failed: Запрос ReadProcessMemory или WriteProcessMemory был выполнен только частично. (0x12B)
[0601/162941.033:ERROR:process_memory_win.cc(73)] ReadMemory at 0x1f3782862a0 of 64 bytes failed: Запрос ReadProcessMemory или WriteProcessMemory был выполнен только частично. (0x12B)
[0601/162941.033:ERROR:process_memory_win.cc(73)] ReadMemory at 0x1f3782862f0 of 64 bytes failed: Запрос ReadProcessMemory или WriteProcessMemory был выполнен только частично. (0x12B)
[0601/162941.033:ERROR:process_memory_win.cc(73)] ReadMemory at 0x1f3782863e0 of 64 bytes failed: Запрос ReadProcessMemory или WriteProcessMemory был выполнен только частично. (0x12B)
[0601/162941.033:ERROR:process_memory_win.cc(73)] ReadMemory at 0x1f378286430 of 62 bytes failed: Запрос ReadProcessMemory или WriteProcessMemory был выполнен только частично. (0x12B)
[0601/162941.033:ERROR:process_memory_win.cc(73)] ReadMemory at 0x1f378286570 of 60 bytes failed: Запрос ReadProcessMemory или WriteProcessMemory был выполнен только частично. (0x12B)
[0601/162941.033:ERROR:process_memory_win.cc(73)] ReadMemory at 0x1f3782867a0 of 66 bytes failed: Запрос ReadProcessMemory или WriteProcessMemory был выполнен только частично. (0x12B)
[0601/162941.033:ERROR:process_memory_win.cc(73)] ReadMemory at 0x1f3782867f0 of 64 bytes failed: Запрос ReadProcessMemory или WriteProcessMemory был выполнен только частично. (0x12B)
[0601/162941.033:ERROR:process_memory_win.cc(73)] ReadMemory at 0x1f378286890 of 60 bytes failed: Запрос ReadProcessMemory или WriteProcessMemory был выполнен только частично. (0x12B)
[0601/162941.033:ERROR:process_memory_win.cc(73)] ReadMemory at 0x1f3782868e0 of 62 bytes failed: Запрос ReadProcessMemory или WriteProcessMemory был выполнен только частично. (0x12B)
[0601/162941.034:ERROR:process_memory_win.cc(73)] ReadMemory at 0x1f378286a20 of 62 bytes failed: Запрос ReadProcessMemory или WriteProcessMemory был выполнен только частично. (0x12B)
[0601/162941.034:ERROR:process_memory_win.cc(73)] ReadMemory at 0x1f378286c00 of 64 bytes failed: Запрос ReadProcessMemory или WriteProcessMemory был выполнен только частично. (0x12B)
[0601/162941.034:ERROR:process_memory_win.cc(73)] ReadMemory at 0x1f378286cf0 of 62 bytes failed: Запрос ReadProcessMemory или WriteProcessMemory был выполнен только частично. (0x12B)
[0601/162941.034:ERROR:process_memory_win.cc(73)] ReadMemory at 0x1f378286de0 of 62 bytes failed: Запрос ReadProcessMemory или WriteProcessMemory был выполнен только частично. (0x12B)
[0601/162941.034:ERROR:process_memory_win.cc(73)] ReadMemory at 0x1f378286ea0 of 132 bytes failed: Запрос ReadProcessMemory или WriteProcessMemory был выполнен только частично. (0x12B)
[0601/162941.034:ERROR:process_memory_win.cc(73)] ReadMemory at 0x1f378286fd0 of 132 bytes failed: Запрос ReadProcessMemory или WriteProcessMemory был выполнен только частично. (0x12B)
[0601/162941.034:ERROR:process_memory_win.cc(73)] ReadMemory at 0x1f378287100 of 132 bytes failed: Запрос ReadProcessMemory или WriteProcessMemory был выполнен только частично. (0x12B)
[0601/162941.034:ERROR:process_memory_win.cc(73)] ReadMemory at 0x1f378287230 of 132 bytes failed: Запрос ReadProcessMemory или WriteProcessMemory был выполнен только частично. (0x12B)
[0601/162941.034:ERROR:process_memory_win.cc(73)] ReadMemory at 0x1f378287360 of 132 bytes failed: Запрос ReadProcessMemory или WriteProcessMemory был выполнен только частично. (0x12B)
[0601/162941.034:ERROR:process_memory_win.cc(73)] ReadMemory at 0x1f378287490 of 132 bytes failed: Запрос ReadProcessMemory или WriteProcessMemory был выполнен только частично. (0x12B)
[0601/162941.034:ERROR:process_memory_win.cc(73)] ReadMemory at 0x1f3782875c0 of 132 bytes failed: Запрос ReadProcessMemory или WriteProcessMemory был выполнен только частично. (0x12B)
[0601/162941.034:ERROR:process_memory_win.cc(73)] ReadMemory at 0x1f3782876f0 of 132 bytes failed: Запрос ReadProcessMemory или WriteProcessMemory был выполнен только частично. (0x12B)
[0601/162941.034:ERROR:process_memory_win.cc(73)] ReadMemory at 0x1f378287820 of 132 bytes failed: Запрос ReadProcessMemory или WriteProcessMemory был выполнен только частично. (0x12B)
[0601/162941.034:ERROR:process_memory_win.cc(73)] ReadMemory at 0x1f378287a80 of 132 bytes failed: Запрос ReadProcessMemory или WriteProcessMemory был выполнен только частично. (0x12B)
[0601/162941.034:ERROR:process_memory_win.cc(73)] ReadMemory at 0x1f378287bb0 of 132 bytes failed: Запрос ReadProcessMemory или WriteProcessMemory был выполнен только частично. (0x12B)
[0601/162941.035:ERROR:process_memory_win.cc(73)] ReadMemory at 0x1f378287ce0 of 132 bytes failed: Запрос ReadProcessMemory или WriteProcessMemory был выполнен только частично. (0x12B)
[0601/162941.035:ERROR:process_memory_win.cc(73)] ReadMemory at 0x1f378287f40 of 132 bytes failed: Запрос ReadProcessMemory или WriteProcessMemory был выполнен только частично. (0x12B)
[0601/162941.035:ERROR:process_memory_win.cc(73)] ReadMemory at 0x1f378288070 of 132 bytes failed: Запрос ReadProcessMemory или WriteProcessMemory был выполнен только частично. (0x12B)
[0601/162941.035:ERROR:process_memory_win.cc(73)] ReadMemory at 0x1f3782881a0 of 132 bytes failed: Запрос ReadProcessMemory или WriteProcessMemory был выполнен только частично. (0x12B)
[0601/162941.035:ERROR:process_memory_win.cc(73)] ReadMemory at 0x1f3782882d0 of 132 bytes failed: Запрос ReadProcessMemory или WriteProcessMemory был выполнен только частично. (0x12B)
[0601/162941.035:ERROR:process_memory_win.cc(73)] ReadMemory at 0x1f378288400 of 132 bytes failed: Запрос ReadProcessMemory или WriteProcessMemory был выполнен только частично. (0x12B)
[0601/162941.035:ERROR:process_memory_win.cc(73)] ReadMemory at 0x1f378288530 of 132 bytes failed: Запрос ReadProcessMemory или WriteProcessMemory был выполнен только частично. (0x12B)
[0601/162941.035:ERROR:process_memory_win.cc(73)] ReadMemory at 0x1f378288790 of 132 bytes failed: Запрос ReadProcessMemory или WriteProcessMemory был выполнен только частично. (0x12B)
[0601/162941.035:ERROR:process_memory_win.cc(73)] ReadMemory at 0x1f3782888c0 of 132 bytes failed: Запрос ReadProcessMemory или WriteProcessMemory был выполнен только частично. (0x12B)
[0601/162941.035:ERROR:process_memory_win.cc(73)] ReadMemory at 0x1f378288b20 of 132 bytes failed: Запрос ReadProcessMemory или WriteProcessMemory был выполнен только частично. (0x12B)
[0601/162941.035:ERROR:process_memory_win.cc(73)] ReadMemory at 0x1f37829aef0 of 58 bytes failed: Запрос ReadProcessMemory или WriteProcessMemory был выполнен только частично. (0x12B)
[0601/162941.035:ERROR:process_memory_win.cc(73)] ReadMemory at 0x1f37829b170 of 58 bytes failed: Запрос ReadProcessMemory или WriteProcessMemory был выполнен только частично. (0x12B)
[0601/162941.035:ERROR:process_memory_win.cc(73)] ReadMemory at 0x1f37829b210 of 60 bytes failed: Запрос ReadProcessMemory или WriteProcessMemory был выполнен только частично. (0x12B)
[0601/162941.035:ERROR:process_memory_win.cc(73)] ReadMemory at 0x1f37829b7b0 of 60 bytes failed: Запрос ReadProcessMemory или WriteProcessMemory был выполнен только частично. (0x12B)
[0601/162941.036:ERROR:process_memory_win.cc(73)] ReadMemory at 0x1f37829b990 of 62 bytes failed: Запрос ReadProcessMemory или WriteProcessMemory был выполнен только частично. (0x12B)
[0601/162941.036:ERROR:process_memory_win.cc(73)] ReadMemory at 0x1f37829b9e0 of 66 bytes failed: Запрос ReadProcessMemory или WriteProcessMemory был выполнен только частично. (0x12B)
[0601/162941.036:ERROR:process_memory_win.cc(73)] ReadMemory at 0x1f37829ba30 of 58 bytes failed: Запрос ReadProcessMemory или WriteProcessMemory был выполнен только частично. (0x12B)
[0601/162941.036:ERROR:process_memory_win.cc(73)] ReadMemory at 0x1f37829ba80 of 62 bytes failed: Запрос ReadProcessMemory или WriteProcessMemory был выполнен только частично. (0x12B)
[0601/162941.036:ERROR:process_memory_win.cc(73)] ReadMemory at 0x1f3782a1020 of 512 bytes failed: Запрос ReadProcessMemory или WriteProcessMemory был выполнен только частично. (0x12B)
[0601/162941.036:ERROR:process_memory_win.cc(73)] ReadMemory at 0x1f3782a7760 of 512 bytes failed: Запрос ReadProcessMemory или WriteProcessMemory был выполнен только частично. (0x12B)
[0601/162941.036:ERROR:process_memory_win.cc(73)] ReadMemory at 0x17d300000000 of 386 bytes failed: Запрос ReadProcessMemory или WriteProcessMemory был выполнен только частично. (0x12B)
[0601/162941.036:ERROR:process_memory_win.cc(73)] ReadMemory at 0x17d30804028d of 512 bytes failed: Запрос ReadProcessMemory или WriteProcessMemory был выполнен только частично. (0x12B)
[0601/162941.036:ERROR:process_memory_win.cc(73)] ReadMemory at 0x17d309726b55 of 512 bytes failed: Запрос ReadProcessMemory или WriteProcessMemory был выполнен только частично. (0x12B)
[0601/162941.036:ERROR:process_memory_win.cc(73)] ReadMemory at 0x364309604000 of 384 bytes failed: Запрос ReadProcessMemory или WriteProcessMemory был выполнен только частично. (0x12B)
[0601/162941.036:ERROR:process_memory_win.cc(73)] ReadMemory at 0x7ffaeb898f7b of 512 bytes failed: Запрос ReadProcessMemory или WriteProcessMemory был выполнен только частично. (0x12B)
[0601/162941.036:ERROR:process_memory_win.cc(73)] ReadMemory at 0x7ffaecf8806c of 512 bytes failed: Запрос ReadProcessMemory или WriteProcessMemory был выполнен только частично. (0x12B)
[0601/162941.036:ERROR:process_memory_win.cc(73)] ReadMemory at 0x7ffb42ffa719 of 512 bytes failed: Запрос ReadProcessMemory или WriteProcessMemory был выполнен только частично. (0x12B)
[0601/162941.036:ERROR:process_memory_win.cc(73)] ReadMemory at 0x7ffb43022ff2 of 512 bytes failed: Запрос ReadProcessMemory или WriteProcessMemory был выполнен только частично. (0x12B)
[0601/162941.036:ERROR:process_memory_win.cc(73)] ReadMemory at 0x7ffb4322c6e0 of 512 bytes failed: Запрос ReadProcessMemory или WriteProcessMemory был выполнен только частично. (0x12B)
[0601/162941.036:ERROR:process_memory_win.cc(73)] ReadMemory at 0x7ffb4525c074 of 832 bytes failed: Запрос ReadProcessMemory или WriteProcessMemory был выполнен только частично. (0x12B)
[0601/162941.037:ERROR:process_memory_win.cc(73)] ReadMemory at 0x7ffb4525f924 of 608 bytes failed: Запрос ReadProcessMemory или WriteProcessMemory был выполнен только частично. (0x12B)
[0601/162941.037:ERROR:process_memory_win.cc(73)] ReadMemory at 0x7ffb452ec428 of 18 bytes failed: Запрос ReadProcessMemory или WriteProcessMemory был выполнен только частично. (0x12B)
[0601/162941.037:ERROR:process_memory_win.cc(73)] ReadMemory at 0x7ffb4531f4f8 of 40 bytes failed: Запрос ReadProcessMemory или WriteProcessMemory был выполнен только частично. (0x12B)
[0601/162941.037:ERROR:process_memory_win.cc(73)] ReadMemory at 0x7ffb4531f978 of 48 bytes failed: Запрос ReadProcessMemory или WriteProcessMemory был выполнен только частично. (0x12B)
[0601/162941.037:ERROR:process_memory_win.cc(73)] ReadMemory at 0x7ffb453253c0 of 64 bytes failed: Запрос ReadProcessMemory или WriteProcessMemory был выполнен только частично. (0x12B)
[0601/162941.038:ERROR:scoped_process_suspend.cc(40)] NtResumeProcess: Попытка доступа к процессу, выполняющему процедуру завершения. (0xc000010a)
